<?xml version="1.0" encoding="UTF-8"?>
<testsuite xmlns:xsi="http://www.w3.org/2001/XMLSchema-instance" xsi:noNamespaceSchemaLocation="https://maven.apache.org/surefire/maven-surefire-plugin/xsd/surefire-test-report.xsd" name="TestSuite" time="143.257" tests="1" errors="0" skipped="0" failures="0">
  <properties>
    <property name="sun.desktop" value="windows"/>
    <property name="awt.toolkit" value="sun.awt.windows.WToolkit"/>
    <property name="java.specification.version" value="10"/>
    <property name="file.encoding.pkg" value="sun.io"/>
    <property name="sun.cpu.isalist" value="amd64"/>
    <property name="sun.jnu.encoding" value="Cp1252"/>
    <property name="java.class.path" value="G:\Eclipse Oxygen\Workspaces\My Framework\TestNGDemo\target\test-classes;G:\Eclipse Oxygen\Workspaces\My Framework\TestNGDemo\target\classes;C:\Users\#$h!nz#\.m2\repository\org\seleniumhq\selenium\selenium-java\3.12.0\selenium-java-3.12.0.jar;C:\Users\#$h!nz#\.m2\repository\org\seleniumhq\selenium\selenium-api\3.12.0\selenium-api-3.12.0.jar;C:\Users\#$h!nz#\.m2\repository\org\seleniumhq\selenium\selenium-chrome-driver\3.12.0\selenium-chrome-driver-3.12.0.jar;C:\Users\#$h!nz#\.m2\repository\org\seleniumhq\selenium\selenium-edge-driver\3.12.0\selenium-edge-driver-3.12.0.jar;C:\Users\#$h!nz#\.m2\repository\org\seleniumhq\selenium\selenium-firefox-driver\3.12.0\selenium-firefox-driver-3.12.0.jar;C:\Users\#$h!nz#\.m2\repository\org\seleniumhq\selenium\selenium-ie-driver\3.12.0\selenium-ie-driver-3.12.0.jar;C:\Users\#$h!nz#\.m2\repository\org\seleniumhq\selenium\selenium-opera-driver\3.12.0\selenium-opera-driver-3.12.0.jar;C:\Users\#$h!nz#\.m2\repository\org\seleniumhq\selenium\selenium-remote-driver\3.12.0\selenium-remote-driver-3.12.0.jar;C:\Users\#$h!nz#\.m2\repository\org\seleniumhq\selenium\selenium-safari-driver\3.12.0\selenium-safari-driver-3.12.0.jar;C:\Users\#$h!nz#\.m2\repository\org\seleniumhq\selenium\selenium-support\3.12.0\selenium-support-3.12.0.jar;C:\Users\#$h!nz#\.m2\repository\net\bytebuddy\byte-buddy\1.8.3\byte-buddy-1.8.3.jar;C:\Users\#$h!nz#\.m2\repository\org\apache\commons\commons-exec\1.3\commons-exec-1.3.jar;C:\Users\#$h!nz#\.m2\repository\commons-codec\commons-codec\1.10\commons-codec-1.10.jar;C:\Users\#$h!nz#\.m2\repository\commons-logging\commons-logging\1.2\commons-logging-1.2.jar;C:\Users\#$h!nz#\.m2\repository\com\google\code\gson\gson\2.8.2\gson-2.8.2.jar;C:\Users\#$h!nz#\.m2\repository\com\google\guava\guava\23.6-jre\guava-23.6-jre.jar;C:\Users\#$h!nz#\.m2\repository\com\google\code\findbugs\jsr305\1.3.9\jsr305-1.3.9.jar;C:\Users\#$h!nz#\.m2\repository\org\checkerframework\checker-compat-qual\2.0.0\checker-compat-qual-2.0.0.jar;C:\Users\#$h!nz#\.m2\repository\com\google\errorprone\error_prone_annotations\2.1.3\error_prone_annotations-2.1.3.jar;C:\Users\#$h!nz#\.m2\repository\com\google\j2objc\j2objc-annotations\1.1\j2objc-annotations-1.1.jar;C:\Users\#$h!nz#\.m2\repository\org\codehaus\mojo\animal-sniffer-annotations\1.14\animal-sniffer-annotations-1.14.jar;C:\Users\#$h!nz#\.m2\repository\org\apache\httpcomponents\httpclient\4.5.3\httpclient-4.5.3.jar;C:\Users\#$h!nz#\.m2\repository\org\apache\httpcomponents\httpcore\4.4.6\httpcore-4.4.6.jar;C:\Users\#$h!nz#\.m2\repository\com\squareup\okhttp3\okhttp\3.9.1\okhttp-3.9.1.jar;C:\Users\#$h!nz#\.m2\repository\com\squareup\okio\okio\1.13.0\okio-1.13.0.jar;C:\Users\#$h!nz#\.m2\repository\log4j\log4j\1.2.17\log4j-1.2.17.jar;C:\Users\#$h!nz#\.m2\repository\io\cucumber\cucumber-java8\3.0.2\cucumber-java8-3.0.2.jar;C:\Users\#$h!nz#\.m2\repository\io\cucumber\cucumber-java\3.0.2\cucumber-java-3.0.2.jar;C:\Users\#$h!nz#\.m2\repository\io\cucumber\cucumber-core\3.0.2\cucumber-core-3.0.2.jar;C:\Users\#$h!nz#\.m2\repository\io\cucumber\cucumber-html\0.2.7\cucumber-html-0.2.7.jar;C:\Users\#$h!nz#\.m2\repository\io\cucumber\gherkin\5.0.0\gherkin-5.0.0.jar;C:\Users\#$h!nz#\.m2\repository\io\cucumber\tag-expressions\1.1.1\tag-expressions-1.1.1.jar;C:\Users\#$h!nz#\.m2\repository\io\cucumber\cucumber-expressions\5.0.19\cucumber-expressions-5.0.19.jar;C:\Users\#$h!nz#\.m2\repository\io\cucumber\datatable\1.0.3\datatable-1.0.3.jar;C:\Users\#$h!nz#\.m2\repository\io\cucumber\datatable-dependencies\1.0.3\datatable-dependencies-1.0.3.jar;C:\Users\#$h!nz#\.m2\repository\net\jodah\typetools\0.5.0\typetools-0.5.0.jar;C:\Users\#$h!nz#\.m2\repository\junit\junit\4.11\junit-4.11.jar;C:\Users\#$h!nz#\.m2\repository\org\hamcrest\hamcrest-core\1.3\hamcrest-core-1.3.jar;C:\Users\#$h!nz#\.m2\repository\io\appium\java-client\5.0.4\java-client-5.0.4.jar;C:\Users\#$h!nz#\.m2\repository\cglib\cglib\3.2.5\cglib-3.2.5.jar;C:\Users\#$h!nz#\.m2\repository\org\ow2\asm\asm\6.0_ALPHA\asm-6.0_ALPHA.jar;C:\Users\#$h!nz#\.m2\repository\org\apache\ant\ant\1.9.6\ant-1.9.6.jar;C:\Users\#$h!nz#\.m2\repository\org\apache\ant\ant-launcher\1.9.6\ant-launcher-1.9.6.jar;C:\Users\#$h!nz#\.m2\repository\commons-validator\commons-validator\1.6\commons-validator-1.6.jar;C:\Users\#$h!nz#\.m2\repository\commons-beanutils\commons-beanutils\1.9.2\commons-beanutils-1.9.2.jar;C:\Users\#$h!nz#\.m2\repository\commons-digester\commons-digester\1.8.1\commons-digester-1.8.1.jar;C:\Users\#$h!nz#\.m2\repository\commons-collections\commons-collections\3.2.2\commons-collections-3.2.2.jar;C:\Users\#$h!nz#\.m2\repository\org\apache\commons\commons-lang3\3.6\commons-lang3-3.6.jar;C:\Users\#$h!nz#\.m2\repository\commons-io\commons-io\2.5\commons-io-2.5.jar;C:\Users\#$h!nz#\.m2\repository\org\springframework\spring-context\5.0.0.RELEASE\spring-context-5.0.0.RELEASE.jar;C:\Users\#$h!nz#\.m2\repository\org\springframework\spring-aop\5.0.0.RELEASE\spring-aop-5.0.0.RELEASE.jar;C:\Users\#$h!nz#\.m2\repository\org\springframework\spring-beans\5.0.0.RELEASE\spring-beans-5.0.0.RELEASE.jar;C:\Users\#$h!nz#\.m2\repository\org\springframework\spring-core\5.0.0.RELEASE\spring-core-5.0.0.RELEASE.jar;C:\Users\#$h!nz#\.m2\repository\org\springframework\spring-jcl\5.0.0.RELEASE\spring-jcl-5.0.0.RELEASE.jar;C:\Users\#$h!nz#\.m2\repository\org\springframework\spring-expression\5.0.0.RELEASE\spring-expression-5.0.0.RELEASE.jar;C:\Users\#$h!nz#\.m2\repository\org\aspectj\aspectjweaver\1.8.11\aspectjweaver-1.8.11.jar;C:\Users\#$h!nz#\.m2\repository\org\openpnp\opencv\3.2.0-1\opencv-3.2.0-1.jar;C:\Users\#$h!nz#\.m2\repository\org\testng\testng\6.8\testng-6.8.jar;C:\Users\#$h!nz#\.m2\repository\org\beanshell\bsh\2.0b4\bsh-2.0b4.jar;C:\Users\#$h!nz#\.m2\repository\com\beust\jcommander\1.27\jcommander-1.27.jar;C:\Users\#$h!nz#\.m2\repository\org\yaml\snakeyaml\1.6\snakeyaml-1.6.jar;C:\Users\#$h!nz#\.m2\repository\org\apache\maven\surefire\surefire-testng-utils\2.22.0\surefire-testng-utils-2.22.0.jar;C:\Users\#$h!nz#\.m2\repository\org\apache\maven\surefire\surefire-grouper\2.22.0\surefire-grouper-2.22.0.jar;"/>
    <property name="java.vm.vendor" value="&quot;Oracle Corporation&quot;"/>
    <property name="sun.arch.data.model" value="64"/>
    <property name="user.variant" value=""/>
    <property name="java.vendor.url" value="http://java.oracle.com/"/>
    <property name="user.timezone" value="Asia/Calcutta"/>
    <property name="java.vm.specification.version" value="10"/>
    <property name="os.name" value="Windows 10"/>
    <property name="sun.java.launcher" value="SUN_STANDARD"/>
    <property name="user.country" value="IN"/>
    <property name="sun.boot.library.path" value="C:\Program Files\Java\jdk-10.0.1\bin"/>
    <property name="sun.java.command" value="C:\Users\#$h!nz#\AppData\Local\Temp\surefire9364114326713610439\surefirebooter7653230862393778714.jar C:\Users\#$h!nz#\AppData\Local\Temp\surefire9364114326713610439 2018-09-10T10-16-06_519-jvmRun1 surefire12009255479264699196tmp surefire_02963986158842290371tmp"/>
    <property name="jdk.debug" value="release"/>
    <property name="surefire.test.class.path" value="G:\Eclipse Oxygen\Workspaces\My Framework\TestNGDemo\target\test-classes;G:\Eclipse Oxygen\Workspaces\My Framework\TestNGDemo\target\classes;C:\Users\#$h!nz#\.m2\repository\org\seleniumhq\selenium\selenium-java\3.12.0\selenium-java-3.12.0.jar;C:\Users\#$h!nz#\.m2\repository\org\seleniumhq\selenium\selenium-api\3.12.0\selenium-api-3.12.0.jar;C:\Users\#$h!nz#\.m2\repository\org\seleniumhq\selenium\selenium-chrome-driver\3.12.0\selenium-chrome-driver-3.12.0.jar;C:\Users\#$h!nz#\.m2\repository\org\seleniumhq\selenium\selenium-edge-driver\3.12.0\selenium-edge-driver-3.12.0.jar;C:\Users\#$h!nz#\.m2\repository\org\seleniumhq\selenium\selenium-firefox-driver\3.12.0\selenium-firefox-driver-3.12.0.jar;C:\Users\#$h!nz#\.m2\repository\org\seleniumhq\selenium\selenium-ie-driver\3.12.0\selenium-ie-driver-3.12.0.jar;C:\Users\#$h!nz#\.m2\repository\org\seleniumhq\selenium\selenium-opera-driver\3.12.0\selenium-opera-driver-3.12.0.jar;C:\Users\#$h!nz#\.m2\repository\org\seleniumhq\selenium\selenium-remote-driver\3.12.0\selenium-remote-driver-3.12.0.jar;C:\Users\#$h!nz#\.m2\repository\org\seleniumhq\selenium\selenium-safari-driver\3.12.0\selenium-safari-driver-3.12.0.jar;C:\Users\#$h!nz#\.m2\repository\org\seleniumhq\selenium\selenium-support\3.12.0\selenium-support-3.12.0.jar;C:\Users\#$h!nz#\.m2\repository\net\bytebuddy\byte-buddy\1.8.3\byte-buddy-1.8.3.jar;C:\Users\#$h!nz#\.m2\repository\org\apache\commons\commons-exec\1.3\commons-exec-1.3.jar;C:\Users\#$h!nz#\.m2\repository\commons-codec\commons-codec\1.10\commons-codec-1.10.jar;C:\Users\#$h!nz#\.m2\repository\commons-logging\commons-logging\1.2\commons-logging-1.2.jar;C:\Users\#$h!nz#\.m2\repository\com\google\code\gson\gson\2.8.2\gson-2.8.2.jar;C:\Users\#$h!nz#\.m2\repository\com\google\guava\guava\23.6-jre\guava-23.6-jre.jar;C:\Users\#$h!nz#\.m2\repository\com\google\code\findbugs\jsr305\1.3.9\jsr305-1.3.9.jar;C:\Users\#$h!nz#\.m2\repository\org\checkerframework\checker-compat-qual\2.0.0\checker-compat-qual-2.0.0.jar;C:\Users\#$h!nz#\.m2\repository\com\google\errorprone\error_prone_annotations\2.1.3\error_prone_annotations-2.1.3.jar;C:\Users\#$h!nz#\.m2\repository\com\google\j2objc\j2objc-annotations\1.1\j2objc-annotations-1.1.jar;C:\Users\#$h!nz#\.m2\repository\org\codehaus\mojo\animal-sniffer-annotations\1.14\animal-sniffer-annotations-1.14.jar;C:\Users\#$h!nz#\.m2\repository\org\apache\httpcomponents\httpclient\4.5.3\httpclient-4.5.3.jar;C:\Users\#$h!nz#\.m2\repository\org\apache\httpcomponents\httpcore\4.4.6\httpcore-4.4.6.jar;C:\Users\#$h!nz#\.m2\repository\com\squareup\okhttp3\okhttp\3.9.1\okhttp-3.9.1.jar;C:\Users\#$h!nz#\.m2\repository\com\squareup\okio\okio\1.13.0\okio-1.13.0.jar;C:\Users\#$h!nz#\.m2\repository\log4j\log4j\1.2.17\log4j-1.2.17.jar;C:\Users\#$h!nz#\.m2\repository\io\cucumber\cucumber-java8\3.0.2\cucumber-java8-3.0.2.jar;C:\Users\#$h!nz#\.m2\repository\io\cucumber\cucumber-java\3.0.2\cucumber-java-3.0.2.jar;C:\Users\#$h!nz#\.m2\repository\io\cucumber\cucumber-core\3.0.2\cucumber-core-3.0.2.jar;C:\Users\#$h!nz#\.m2\repository\io\cucumber\cucumber-html\0.2.7\cucumber-html-0.2.7.jar;C:\Users\#$h!nz#\.m2\repository\io\cucumber\gherkin\5.0.0\gherkin-5.0.0.jar;C:\Users\#$h!nz#\.m2\repository\io\cucumber\tag-expressions\1.1.1\tag-expressions-1.1.1.jar;C:\Users\#$h!nz#\.m2\repository\io\cucumber\cucumber-expressions\5.0.19\cucumber-expressions-5.0.19.jar;C:\Users\#$h!nz#\.m2\repository\io\cucumber\datatable\1.0.3\datatable-1.0.3.jar;C:\Users\#$h!nz#\.m2\repository\io\cucumber\datatable-dependencies\1.0.3\datatable-dependencies-1.0.3.jar;C:\Users\#$h!nz#\.m2\repository\net\jodah\typetools\0.5.0\typetools-0.5.0.jar;C:\Users\#$h!nz#\.m2\repository\junit\junit\4.11\junit-4.11.jar;C:\Users\#$h!nz#\.m2\repository\org\hamcrest\hamcrest-core\1.3\hamcrest-core-1.3.jar;C:\Users\#$h!nz#\.m2\repository\io\appium\java-client\5.0.4\java-client-5.0.4.jar;C:\Users\#$h!nz#\.m2\repository\cglib\cglib\3.2.5\cglib-3.2.5.jar;C:\Users\#$h!nz#\.m2\repository\org\ow2\asm\asm\6.0_ALPHA\asm-6.0_ALPHA.jar;C:\Users\#$h!nz#\.m2\repository\org\apache\ant\ant\1.9.6\ant-1.9.6.jar;C:\Users\#$h!nz#\.m2\repository\org\apache\ant\ant-launcher\1.9.6\ant-launcher-1.9.6.jar;C:\Users\#$h!nz#\.m2\repository\commons-validator\commons-validator\1.6\commons-validator-1.6.jar;C:\Users\#$h!nz#\.m2\repository\commons-beanutils\commons-beanutils\1.9.2\commons-beanutils-1.9.2.jar;C:\Users\#$h!nz#\.m2\repository\commons-digester\commons-digester\1.8.1\commons-digester-1.8.1.jar;C:\Users\#$h!nz#\.m2\repository\commons-collections\commons-collections\3.2.2\commons-collections-3.2.2.jar;C:\Users\#$h!nz#\.m2\repository\org\apache\commons\commons-lang3\3.6\commons-lang3-3.6.jar;C:\Users\#$h!nz#\.m2\repository\commons-io\commons-io\2.5\commons-io-2.5.jar;C:\Users\#$h!nz#\.m2\repository\org\springframework\spring-context\5.0.0.RELEASE\spring-context-5.0.0.RELEASE.jar;C:\Users\#$h!nz#\.m2\repository\org\springframework\spring-aop\5.0.0.RELEASE\spring-aop-5.0.0.RELEASE.jar;C:\Users\#$h!nz#\.m2\repository\org\springframework\spring-beans\5.0.0.RELEASE\spring-beans-5.0.0.RELEASE.jar;C:\Users\#$h!nz#\.m2\repository\org\springframework\spring-core\5.0.0.RELEASE\spring-core-5.0.0.RELEASE.jar;C:\Users\#$h!nz#\.m2\repository\org\springframework\spring-jcl\5.0.0.RELEASE\spring-jcl-5.0.0.RELEASE.jar;C:\Users\#$h!nz#\.m2\repository\org\springframework\spring-expression\5.0.0.RELEASE\spring-expression-5.0.0.RELEASE.jar;C:\Users\#$h!nz#\.m2\repository\org\aspectj\aspectjweaver\1.8.11\aspectjweaver-1.8.11.jar;C:\Users\#$h!nz#\.m2\repository\org\openpnp\opencv\3.2.0-1\opencv-3.2.0-1.jar;C:\Users\#$h!nz#\.m2\repository\org\testng\testng\6.8\testng-6.8.jar;C:\Users\#$h!nz#\.m2\repository\org\beanshell\bsh\2.0b4\bsh-2.0b4.jar;C:\Users\#$h!nz#\.m2\repository\com\beust\jcommander\1.27\jcommander-1.27.jar;C:\Users\#$h!nz#\.m2\repository\org\yaml\snakeyaml\1.6\snakeyaml-1.6.jar;C:\Users\#$h!nz#\.m2\repository\org\apache\maven\surefire\surefire-testng-utils\2.22.0\surefire-testng-utils-2.22.0.jar;C:\Users\#$h!nz#\.m2\repository\org\apache\maven\surefire\surefire-grouper\2.22.0\surefire-grouper-2.22.0.jar;"/>
    <property name="sun.cpu.endian" value="little"/>
    <property name="user.home" value="C:\Users\#$h!nz#"/>
    <property name="user.language" value="en"/>
    <property name="java.specification.vendor" value="Oracle Corporation"/>
    <property name="java.version.date" value="2018-04-17"/>
    <property name="java.home" value="C:\Program Files\Java\jdk-10.0.1"/>
    <property name="file.separator" value="\"/>
    <property name="basedir" value="G:\Eclipse Oxygen\Workspaces\My Framework\TestNGDemo"/>
    <property name="java.vm.compressedOopsMode" value="32-bit"/>
    <property name="line.separator" value="&#10;"/>
    <property name="java.specification.name" value="Java Platform API Specification"/>
    <property name="java.vm.specification.vendor" value="Oracle Corporation"/>
    <property name="java.awt.graphicsenv" value="sun.awt.Win32GraphicsEnvironment"/>
    <property name="surefire.real.class.path" value="C:\Users\#$h!nz#\AppData\Local\Temp\surefire9364114326713610439\surefirebooter7653230862393778714.jar"/>
    <property name="user.script" value=""/>
    <property name="sun.management.compiler" value="HotSpot 64-Bit Tiered Compilers"/>
    <property name="java.runtime.version" value="10.0.1+10"/>
    <property name="user.name" value="#$h!nz#"/>
    <property name="path.separator" value=";"/>
    <property name="os.version" value="10.0"/>
    <property name="java.runtime.name" value="Java(TM) SE Runtime Environment"/>
    <property name="file.encoding" value="Cp1252"/>
    <property name="java.vm.name" value="Java HotSpot(TM) 64-Bit Server VM"/>
    <property name="java.vendor.version" value="18.3"/>
    <property name="localRepository" value="C:\Users\#$h!nz#\.m2\repository"/>
    <property name="java.vendor.url.bug" value="http://bugreport.java.com/bugreport/"/>
    <property name="java.io.tmpdir" value="C:\Users\#$h!nz#\AppData\Local\Temp\"/>
    <property name="java.version" value="10.0.1"/>
    <property name="user.dir" value="G:\Eclipse Oxygen\Workspaces\My Framework\TestNGDemo"/>
    <property name="os.arch" value="amd64"/>
    <property name="java.vm.specification.name" value="Java Virtual Machine Specification"/>
    <property name="java.awt.printerjob" value="sun.awt.windows.WPrinterJob"/>
    <property name="sun.os.patch.level" value=""/>
    <property name="java.library.path" value="C:\Program Files\Java\jdk-10.0.1\bin;C:\WINDOWS\Sun\Java\bin;C:\WINDOWS\system32;C:\WINDOWS;C:/Program Files/Java/jdk-10.0.1/bin/server;C:/Program Files/Java/jdk-10.0.1/bin;C:\Program Files\Java\jdk-10.0.1\bin;C:\Program Files\Intel\iCLS Client\;C:\windows\system32;C:\windows;C:\windows\System32\Wbem;C:\windows\System32\WindowsPowerShell\v1.0\;C:\Program Files (x86)\Intel\Intel(R) Management Engine Components\DAL;C:\Program Files\Intel\Intel(R) Management Engine Components\DAL;C:\Program Files (x86)\Intel\Intel(R) Management Engine Components\IPT;C:\Program Files\Intel\Intel(R) Management Engine Components\IPT;C:\Program Files (x86)\NVIDIA Corporation\PhysX\Common;C:\WINDOWS\system32\config\systemprofile\.dnx\bin;C:\Program Files\Microsoft DNX\Dnvm\;C:\Program Files\Microsoft SQL Server\130\Tools\Binn\;C:\WINDOWS\system32;C:\WINDOWS;C:\WINDOWS\System32\Wbem;C:\WINDOWS\System32\WindowsPowerShell\v1.0\;C:\Program Files (x86)\Microsoft SQL Server\130\Tools\Binn\;C:\Program Files\Microsoft SQL Server\Client SDK\ODBC\130\Tools\Binn\;C:\Program Files\Microsoft SQL Server\130\DTS\Binn\;C:\Program Files (x86)\Microsoft SQL Server\Client SDK\ODBC\130\Tools\Binn\;C:\Program Files (x86)\Microsoft SQL Server\130\DTS\Binn\;C:\Program Files (x86)\Microsoft SQL Server\130\Tools\Binn\ManagementStudio\;G:\Software\platform-tools;G:\Software\tools\bin;G:\AndroidSDK\tools;G:\AndroidSDK\platform-tools;C:\Program Files\MySQL\MySQL Utilities 1.6\;C:\Program Files\Git\cmd;C:\Program Files\nodejs\;C:\Users\#$h!nz#\AppData\Local\Android\android-sdk\platform-tools;C:\Users\#$h!nz#\AppData\Local\Android\android-sdk\tools\bin;C:\Users\#$h!nz#\AppData\Local\Android\android-sdk\tools;C:\Program Files\Intel\WiFi\bin\;C:\Program Files\Common Files\Intel\WirelessCommon\;C:\WINDOWS\System32\OpenSSH\;G:\MavenFile\apache-maven-3.5.4\bin;C:\Users\#$h!nz#\AppData\Local\Microsoft\WindowsApps;C:\Program Files\Microsoft VS Code\bin;C:\Users\#$h!nz#\AppData\Roaming\npm;C:\Users\#$h!nz#\AppData\Local\Programs\Fiddler;G:\MangoDB\bin;;G:\Eclipse Oxygen\eclipse-jee-oxygen-1-win32-x86_64\eclipse;;."/>
    <property name="java.vendor" value="Oracle Corporation"/>
    <property name="java.vm.info" value="mixed mode"/>
    <property name="java.vm.version" value="10.0.1+10"/>
    <property name="sun.io.unicode.encoding" value="UnicodeLittle"/>
    <property name="java.class.version" value="54.0"/>
  </properties>
  <testcase name="testCase" classname="com.maven.testngDemo.TestNGDemo.AppiumTestStartUp" time="57.634"/>
</testsuite>