<?xml version="1.0" encoding="UTF-8"?>
<!-- Generated by org.testng.reporters.JUnitReportReporter -->
<testsuite hostname="LAPTOP-FQR685ET" failures="0" tests="1" name="com.maven.testngDemo.TestNGDemo.AppiumTestStartUp" time="92.789" errors="0" timestamp="13 Sep 2018 06:35:02 GMT">
  <testcase classname="com.maven.testngDemo.TestNGDemo.AppiumTestStartUp" name="testCase" time="92.789"/>
</testsuite> <!-- com.maven.testngDemo.TestNGDemo.AppiumTestStartUp -->
