<?xml version="1.0" encoding="UTF-8"?>
<!-- Generated by org.testng.reporters.JUnitReportReporter -->
<testsuite hostname="LAPTOP-FQR685ET" failures="0" tests="1" name="com.maven.testngDemo.TestNGDemo.AppiumTestStartUp" time="164.403" errors="0" timestamp="21 Jul 2018 13:46:04 GMT">
  <testcase classname="com.maven.testngDemo.TestNGDemo.AppiumTestStartUp" name="testCase" time="164.403"/>
</testsuite> <!-- com.maven.testngDemo.TestNGDemo.AppiumTestStartUp -->
