<?xml version="1.0" encoding="UTF-8"?>
<!-- Generated by org.testng.reporters.JUnitReportReporter -->
<testsuite hostname="LAPTOP-FQR685ET" failures="0" tests="1" name="com.maven.testngDemo.TestNGDemo.AppiumTestStartUp" time="57.633" errors="0" timestamp="10 Sep 2018 04:48:32 GMT">
  <testcase classname="com.maven.testngDemo.TestNGDemo.AppiumTestStartUp" name="testCase" time="57.633"/>
</testsuite> <!-- com.maven.testngDemo.TestNGDemo.AppiumTestStartUp -->
